# JRE version: OpenJDK Runtime Environment (11.0.13) (build 11.0.13+0-b1751.21-8125866)
# Java VM: OpenJDK 64-Bit Server VM (11.0.13+0-b1751.21-8125866, mixed mode, tiered, compressed oops, g1 gc, windows-amd64)
Heap:
 garbage-first heap   total 374784K, used 251691K [0x0000000080000000, 0x0000000100000000)
  region size 1024K, 28 young (28672K), 3 survivors (3072K)
 Metaspace       used 149725K, capacity 153742K, committed 154064K, reserved 1183744K
  class space    used 19407K, capacity 20734K, committed 20812K, reserved 1048576K
GC Heap History (20 events):
Event: 103.300 GC heap before
{Heap before GC invocations=47 (full 0):
 garbage-first heap   total 260096K, used 228626K [0x0000000080000000, 0x0000000100000000)
  region size 1024K, 22 young (22528K), 2 survivors (2048K)
 Metaspace       used 142446K, capacity 146287K, committed 146512K, reserved 1175552K
  class space    used 18553K, capacity 19853K, committed 19916K, reserved 1048576K
}
Event: 103.302 GC heap after
{Heap after GC invocations=48 (full 0):
 garbage-first heap   total 260096K, used 207181K [0x0000000080000000, 0x0000000100000000)
  region size 1024K, 2 young (2048K), 2 survivors (2048K)
 Metaspace       used 142446K, capacity 146287K, committed 146512K, reserved 1175552K
  class space    used 18553K, capacity 19853K, committed 19916K, reserved 1048576K
}
Event: 103.374 GC heap before
{Heap before GC invocations=48 (full 0):
 garbage-first heap   total 260096K, used 217421K [0x0000000080000000, 0x0000000100000000)
  region size 1024K, 12 young (12288K), 2 survivors (2048K)
 Metaspace       used 143546K, capacity 147451K, committed 147664K, reserved 1177600K
  class space    used 18675K, capacity 20019K, committed 20044K, reserved 1048576K
}
Event: 103.377 GC heap after
{Heap after GC invocations=49 (full 0):
 garbage-first heap   total 260096K, used 207680K [0x0000000080000000, 0x0000000100000000)
  region size 1024K, 2 young (2048K), 2 survivors (2048K)
 Metaspace       used 143546K, capacity 147451K, committed 147664K, reserved 1177600K
  class space    used 18675K, capacity 20019K, committed 20044K, reserved 1048576K
}
Event: 103.506 GC heap before
{Heap before GC invocations=49 (full 0):
 garbage-first heap   total 260096K, used 227136K [0x0000000080000000, 0x0000000100000000)
  region size 1024K, 21 young (21504K), 2 survivors (2048K)
 Metaspace       used 145251K, capacity 149099K, committed 149200K, reserved 1177600K
  class space    used 18895K, capacity 20204K, committed 20300K, reserved 1048576K
}
Event: 103.508 GC heap after
{Heap after GC invocations=50 (full 0):
 garbage-first heap   total 260096K, used 209312K [0x0000000080000000, 0x0000000100000000)
  region size 1024K, 3 young (3072K), 3 survivors (3072K)
 Metaspace       used 145251K, capacity 149099K, committed 149200K, reserved 1177600K
  class space    used 18895K, capacity 20204K, committed 20300K, reserved 1048576K
}
Event: 103.676 GC heap before
{Heap before GC invocations=50 (full 0):
 garbage-first heap   total 260096K, used 227744K [0x0000000080000000, 0x0000000100000000)
  region size 1024K, 21 young (21504K), 3 survivors (3072K)
 Metaspace       used 147317K, capacity 151267K, committed 151504K, reserved 1179648K
  class space    used 19127K, capacity 20434K, committed 20556K, reserved 1048576K
}
Event: 103.679 GC heap after
{Heap after GC invocations=51 (full 0):
 garbage-first heap   total 260096K, used 211080K [0x0000000080000000, 0x0000000100000000)
  region size 1024K, 2 young (2048K), 2 survivors (2048K)
 Metaspace       used 147317K, capacity 151267K, committed 151504K, reserved 1179648K
  class space    used 19127K, capacity 20434K, committed 20556K, reserved 1048576K
}
Event: 103.798 GC heap before
{Heap before GC invocations=51 (full 0):
 garbage-first heap   total 260096K, used 228488K [0x0000000080000000, 0x0000000100000000)
  region size 1024K, 19 young (19456K), 2 survivors (2048K)
 Metaspace       used 147429K, capacity 151293K, committed 151504K, reserved 1179648K
  class space    used 19135K, capacity 20438K, committed 20556K, reserved 1048576K
}
Event: 103.801 GC heap after
{Heap after GC invocations=52 (full 0):
 garbage-first heap   total 312320K, used 213977K [0x0000000080000000, 0x0000000100000000)
  region size 1024K, 3 young (3072K), 3 survivors (3072K)
 Metaspace       used 147429K, capacity 151293K, committed 151504K, reserved 1179648K
  class space    used 19135K, capacity 20438K, committed 20556K, reserved 1048576K
}
Event: 103.874 GC heap before
{Heap before GC invocations=52 (full 0):
 garbage-first heap   total 312320K, used 248792K [0x0000000080000000, 0x0000000100000000)
  region size 1024K, 37 young (37888K), 3 survivors (3072K)
 Metaspace       used 147803K, capacity 151678K, committed 151760K, reserved 1181696K
  class space    used 19167K, capacity 20478K, committed 20556K, reserved 1048576K
}
Event: 103.877 GC heap after
{Heap after GC invocations=53 (full 0):
 garbage-first heap   total 312320K, used 217554K [0x0000000080000000, 0x0000000100000000)
  region size 1024K, 5 young (5120K), 5 survivors (5120K)
 Metaspace       used 147803K, capacity 151678K, committed 151760K, reserved 1181696K
  class space    used 19167K, capacity 20478K, committed 20556K, reserved 1048576K
}
Event: 103.968 GC heap before
{Heap before GC invocations=54 (full 0):
 garbage-first heap   total 312320K, used 251346K [0x0000000080000000, 0x0000000100000000)
  region size 1024K, 39 young (39936K), 5 survivors (5120K)
 Metaspace       used 147996K, capacity 151896K, committed 152016K, reserved 1181696K
  class space    used 19197K, capacity 20486K, committed 20556K, reserved 1048576K
}
Event: 103.972 GC heap after
{Heap after GC invocations=55 (full 0):
 garbage-first heap   total 312320K, used 220870K [0x0000000080000000, 0x0000000100000000)
  region size 1024K, 4 young (4096K), 4 survivors (4096K)
 Metaspace       used 147996K, capacity 151896K, committed 152016K, reserved 1181696K
  class space    used 19197K, capacity 20486K, committed 20556K, reserved 1048576K
}
Event: 104.034 GC heap before
{Heap before GC invocations=55 (full 0):
 garbage-first heap   total 312320K, used 254662K [0x0000000080000000, 0x0000000100000000)
  region size 1024K, 38 young (38912K), 4 survivors (4096K)
 Metaspace       used 148285K, capacity 152121K, committed 152272K, reserved 1181696K
  class space    used 19231K, capacity 20518K, committed 20556K, reserved 1048576K
}
Event: 104.036 GC heap after
{Heap after GC invocations=56 (full 0):
 garbage-first heap   total 312320K, used 223298K [0x0000000080000000, 0x0000000100000000)
  region size 1024K, 3 young (3072K), 3 survivors (3072K)
 Metaspace       used 148285K, capacity 152121K, committed 152272K, reserved 1181696K
  class space    used 19231K, capacity 20518K, committed 20556K, reserved 1048576K
}
Event: 104.150 GC heap before
{Heap before GC invocations=56 (full 0):
 garbage-first heap   total 312320K, used 257090K [0x0000000080000000, 0x0000000100000000)
  region size 1024K, 37 young (37888K), 3 survivors (3072K)
 Metaspace       used 148418K, capacity 152294K, committed 152656K, reserved 1181696K
  class space    used 19242K, capacity 20554K, committed 20684K, reserved 1048576K
}
Event: 104.153 GC heap after
{Heap after GC invocations=57 (full 0):
 garbage-first heap   total 312320K, used 226254K [0x0000000080000000, 0x0000000100000000)
  region size 1024K, 5 young (5120K), 5 survivors (5120K)
 Metaspace       used 148418K, capacity 152294K, committed 152656K, reserved 1181696K
  class space    used 19242K, capacity 20554K, committed 20684K, reserved 1048576K
}
Event: 104.260 GC heap before
{Heap before GC invocations=57 (full 0):
 garbage-first heap   total 312320K, used 261070K [0x0000000080000000, 0x0000000100000000)
  region size 1024K, 40 young (40960K), 5 survivors (5120K)
 Metaspace       used 149134K, capacity 153048K, committed 153168K, reserved 1181696K
  class space    used 19331K, capacity 20649K, committed 20684K, reserved 1048576K
}
Event: 104.264 GC heap after
{Heap after GC invocations=58 (full 0):
 garbage-first heap   total 374784K, used 228139K [0x0000000080000000, 0x0000000100000000)
  region size 1024K, 3 young (3072K), 3 survivors (3072K)
 Metaspace       used 149134K, capacity 153048K, committed 153168K, reserved 1181696K
  class space    used 19331K, capacity 20649K, committed 20684K, reserved 1048576K
}

